#0 building with "default" instance using docker driver

#1 [schedule-service internal] load build definition from Dockerfile
#1 transferring dockerfile: 1.07kB done
#1 DONE 0.0s

#2 [auth-service internal] load build definition from Dockerfile
#2 transferring dockerfile: 1.03kB done
#2 DONE 0.0s

#3 [auth-service internal] load metadata for docker.io/library/node:22-alpine
#3 DONE 1.0s

#4 [schedule-service internal] load .dockerignore
#4 transferring context: 88B done
#4 DONE 0.1s

#5 [auth-service internal] load .dockerignore
#5 transferring context: 88B done
#5 DONE 0.1s

#6 [schedule-service runner 2/5] WORKDIR /app
#6 CACHED

#7 [schedule-service base 1/2] FROM docker.io/library/node:22-alpine@sha256:968df39aedcea65eeb078fb336ed7191baf48f972b4479711397108be0966920
#7 CACHED

#8 [schedule-service internal] load build context
#8 transferring context: 427.92kB 0.2s done
#8 DONE 0.2s

#9 [auth-service internal] load build context
#9 transferring context: 390.25kB 0.2s done
#9 DONE 0.2s

#10 [schedule-service base 2/2] RUN npm install -g pnpm@11
#10 4.029 
#10 4.029 added 1 package in 3s
#10 4.029 
#10 4.029 1 package is looking for funding
#10 4.029   run `npm fund` for details
#10 4.031 npm notice
#10 4.031 npm notice New major version of npm available! 10.9.8 -> 11.16.0
#10 4.031 npm notice Changelog: https://github.com/npm/cli/releases/tag/v11.16.0
#10 4.031 npm notice To update run: npm install -g npm@11.16.0
#10 4.031 npm notice
#10 DONE 4.2s

#11 [auth-service deps 1/4] WORKDIR /app
#11 DONE 0.0s

#12 [auth-service deps 2/4] COPY package.json pnpm-workspace.yaml .npmrc pnpm-lock.yaml ./
#12 DONE 0.0s

#13 [auth-service deps 2/4] COPY package.json pnpm-workspace.yaml .npmrc pnpm-lock.yaml ./
#13 CACHED

#14 [schedule-service deps 3/4] COPY schedule-service/package.json schedule-service/
#14 DONE 0.0s

#15 [auth-service deps 3/4] COPY auth-service/package.json auth-service/
#15 DONE 0.0s

#16 [auth-service deps 4/4] RUN pnpm install --frozen-lockfile --registry=https://registry.npmjs.org/
#16 0.876 Scope: all 2 workspace projects
#16 0.996 Lockfile is up to date, resolution step is skipped
#16 1.107 Progress: resolved 1, reused 0, downloaded 0, added 0
#16 1.441 Packages: +938
#16 1.441 ++++++++++++++++++++++++++++++++++++++++++++++++++++++++++++++++++++++++++++++++
#16 2.108 Progress: resolved 938, reused 0, downloaded 9, added 9
#16 3.107 Progress: resolved 938, reused 0, downloaded 118, added 118
#16 4.107 Progress: resolved 938, reused 0, downloaded 192, added 192
#16 5.107 Progress: resolved 938, reused 0, downloaded 251, added 249
#16 6.108 Progress: resolved 938, reused 0, downloaded 271, added 271
#16 7.108 Progress: resolved 938, reused 0, downloaded 305, added 305
#16 7.851 [WARN] Tarball download average speed 41 KiB/s (size 111 KiB) is below 50 KiB/s: https://registry.npmjs.org/@prisma/streams-local/-/streams-local-0.1.2.tgz (GET)
#16 8.108 Progress: resolved 938, reused 0, downloaded 358, added 359
#16 9.108 Progress: resolved 938, reused 0, downloaded 410, added 411
#16 ...

#17 [schedule-service deps 4/4] RUN pnpm install --frozen-lockfile --registry=https://registry.npmjs.org/
#17 0.912 Scope: all 2 workspace projects
#17 1.055 Lockfile is up to date, resolution step is skipped
#17 1.157 Progress: resolved 1, reused 0, downloaded 0, added 0
#17 1.567 Packages: +945
#17 1.567 ++++++++++++++++++++++++++++++++++++++++++++++++++++++++++++++++++++++++++++++++
#17 2.159 Progress: resolved 945, reused 0, downloaded 9, added 9
#17 3.159 Progress: resolved 945, reused 0, downloaded 120, added 120
#17 4.160 Progress: resolved 945, reused 0, downloaded 194, added 194
#17 5.160 Progress: resolved 945, reused 0, downloaded 249, added 249
#17 6.059 [WARN] Tarball download average speed 34 KiB/s (size 62 KiB) is below 50 KiB/s: https://registry.npmjs.org/graphql-ws/-/graphql-ws-6.0.8.tgz (GET)
#17 6.161 Progress: resolved 945, reused 0, downloaded 267, added 267
#17 7.161 Progress: resolved 945, reused 0, downloaded 299, added 299
#17 7.314 [WARN] Tarball download average speed 5 KiB/s (size 8 KiB) is below 50 KiB/s: https://registry.npmjs.org/proper-lockfile/-/proper-lockfile-4.1.2.tgz (GET)
#17 8.162 Progress: resolved 945, reused 0, downloaded 354, added 355
#17 9.162 Progress: resolved 945, reused 0, downloaded 401, added 402
#17 ...

#16 [auth-service deps 4/4] RUN pnpm install --frozen-lockfile --registry=https://registry.npmjs.org/
#16 10.11 Progress: resolved 938, reused 0, downloaded 466, added 467
#16 11.11 Progress: resolved 938, reused 0, downloaded 524, added 526
#16 12.11 Progress: resolved 938, reused 0, downloaded 551, added 553
#16 13.11 Progress: resolved 938, reused 0, downloaded 595, added 597
#16 14.11 Progress: resolved 938, reused 0, downloaded 621, added 623
#16 14.28 [WARN] Tarball download average speed 31 KiB/s (size 81 KiB) is below 50 KiB/s: https://registry.npmjs.org/minipass/-/minipass-7.1.3.tgz (GET)
#16 14.73 [WARN] Tarball download average speed 33 KiB/s (size 34 KiB) is below 50 KiB/s: https://registry.npmjs.org/@typescript-eslint/types/-/types-5.59.11.tgz (GET)
#16 15.11 Progress: resolved 938, reused 0, downloaded 637, added 639
#16 15.52 [WARN] Tarball download average speed 6 KiB/s (size 10 KiB) is below 50 KiB/s: https://registry.npmjs.org/@eslint/object-schema/-/object-schema-2.1.7.tgz (GET)
#16 16.10 [WARN] Tarball download average speed 11 KiB/s (size 90 KiB) is below 50 KiB/s: https://registry.npmjs.org/@redis/client/-/client-1.5.11.tgz (GET)
#16 16.11 Progress: resolved 938, reused 0, downloaded 698, added 698
#16 17.11 Progress: resolved 938, reused 0, downloaded 747, added 749
#16 17.69 [WARN] Tarball download average speed 13 KiB/s (size 29 KiB) is below 50 KiB/s: https://registry.npmjs.org/eslint-scope/-/eslint-scope-8.4.0.tgz (GET)
#16 18.11 Progress: resolved 938, reused 0, downloaded 820, added 822
#16 18.18 [WARN] Tarball download average speed 36 KiB/s (size 77 KiB) is below 50 KiB/s: https://registry.npmjs.org/@typescript-eslint/utils/-/utils-5.59.11.tgz (GET)
#16 18.97 [WARN] Tarball download average speed 15 KiB/s (size 23 KiB) is below 50 KiB/s: https://registry.npmjs.org/jest-worker/-/jest-worker-30.4.1.tgz (GET)
#16 19.11 Progress: resolved 938, reused 0, downloaded 842, added 844
#16 19.85 [WARN] Tarball download average speed 14 KiB/s (size 71 KiB) is below 50 KiB/s: https://registry.npmjs.org/@eslint-community/regexpp/-/regexpp-4.12.2.tgz (GET)
#16 20.11 Progress: resolved 938, reused 0, downloaded 858, added 860
#16 ...

#17 [schedule-service deps 4/4] RUN pnpm install --frozen-lockfile --registry=https://registry.npmjs.org/
#17 10.16 Progress: resolved 945, reused 0, downloaded 466, added 467
#17 11.16 Progress: resolved 945, reused 0, downloaded 538, added 540
#17 12.16 Progress: resolved 945, reused 0, downloaded 563, added 565
#17 12.45 [WARN] Tarball download average speed 27 KiB/s (size 88 KiB) is below 50 KiB/s: https://registry.npmjs.org/magic-string/-/magic-string-0.30.17.tgz (GET)
#17 13.16 Progress: resolved 945, reused 0, downloaded 614, added 616
#17 14.16 Progress: resolved 945, reused 0, downloaded 642, added 644
#17 15.16 Progress: resolved 945, reused 0, downloaded 671, added 673
#17 15.31 [WARN] Tarball download average speed 16 KiB/s (size 16 KiB) is below 50 KiB/s: https://registry.npmjs.org/espree/-/espree-10.4.0.tgz (GET)
#17 15.53 [WARN] Tarball download average speed 18 KiB/s (size 34 KiB) is below 50 KiB/s: https://registry.npmjs.org/@typescript-eslint/types/-/types-5.59.11.tgz (GET)
#17 16.16 Progress: resolved 945, reused 0, downloaded 731, added 733
#17 16.31 [WARN] Tarball download average speed 43 KiB/s (size 69 KiB) is below 50 KiB/s: https://registry.npmjs.org/tsutils/-/tsutils-3.21.0.tgz (GET)
#17 17.16 Progress: resolved 945, reused 0, downloaded 803, added 805
#17 18.16 Progress: resolved 945, reused 0, downloaded 874, added 876
#17 19.08 [WARN] Tarball download average speed 28 KiB/s (size 30 KiB) is below 50 KiB/s: https://registry.npmjs.org/@cspotcode/source-map-support/-/source-map-support-0.8.1.tgz (GET)
#17 19.16 Progress: resolved 945, reused 0, downloaded 887, added 889
#17 19.43 [WARN] Tarball download average speed 18 KiB/s (size 62 KiB) is below 50 KiB/s: https://registry.npmjs.org/@bcoe/v8-coverage/-/v8-coverage-0.2.3.tgz (GET)
#17 20.16 Progress: resolved 945, reused 0, downloaded 900, added 902
#17 20.38 [WARN] Tarball download average speed 44 KiB/s (size 184 KiB) is below 50 KiB/s: https://registry.npmjs.org/@babel/helpers/-/helpers-7.29.7.tgz (GET)
#17 20.39 [WARN] Tarball download average speed 35 KiB/s (size 50 KiB) is below 50 KiB/s: https://registry.npmjs.org/source-map/-/source-map-0.7.6.tgz (GET)
#17 21.00 [WARN] Tarball download average speed 23 KiB/s (size 47 KiB) is below 50 KiB/s: https://registry.npmjs.org/@noble/hashes/-/hashes-1.1.5.tgz (GET)
#17 ...

#16 [auth-service deps 4/4] RUN pnpm install --frozen-lockfile --registry=https://registry.npmjs.org/
#16 21.00 [WARN] Tarball download average speed 16 KiB/s (size 33 KiB) is below 50 KiB/s: https://registry.npmjs.org/jest-runtime/-/jest-runtime-30.4.2.tgz (GET)
#16 21.11 Progress: resolved 938, reused 0, downloaded 864, added 866
#16 21.98 [WARN] Tarball download average speed 6 KiB/s (size 20 KiB) is below 50 KiB/s: https://registry.npmjs.org/@jridgewell/trace-mapping/-/trace-mapping-0.3.9.tgz (GET)
#16 22.11 Progress: resolved 938, reused 0, downloaded 873, added 875
#16 22.85 [WARN] Tarball download average speed 16 KiB/s (size 47 KiB) is below 50 KiB/s: https://registry.npmjs.org/@noble/hashes/-/hashes-1.1.5.tgz (GET)
#16 22.95 [WARN] Tarball download average speed 49 KiB/s (size 155 KiB) is below 50 KiB/s: https://registry.npmjs.org/superagent/-/superagent-10.3.0.tgz (GET)
#16 22.99 [WARN] Tarball download average speed 9 KiB/s (size 18 KiB) is below 50 KiB/s: https://registry.npmjs.org/mime/-/mime-2.6.0.tgz (GET)
#16 23.04 [WARN] Tarball download average speed 36 KiB/s (size 74 KiB) is below 50 KiB/s: https://registry.npmjs.org/ts-jest/-/ts-jest-29.4.11.tgz (GET)
#16 23.11 Progress: resolved 938, reused 0, downloaded 888, added 890
#16 23.60 [WARN] Tarball download average speed 26 KiB/s (size 188 KiB) is below 50 KiB/s: https://registry.npmjs.org/@babel/core/-/core-7.29.7.tgz (GET)
#16 23.79 [WARN] Tarball download average speed 13 KiB/s (size 49 KiB) is below 50 KiB/s: https://registry.npmjs.org/formidable/-/formidable-3.5.4.tgz (GET)
#16 24.11 Progress: resolved 938, reused 0, downloaded 917, added 919
#16 24.41 [WARN] Tarball download average speed 30 KiB/s (size 49 KiB) is below 50 KiB/s: https://registry.npmjs.org/ts-api-utils/-/ts-api-utils-2.5.0.tgz (GET)
#16 24.59 [WARN] Tarball download average speed 39 KiB/s (size 50 KiB) is below 50 KiB/s: https://registry.npmjs.org/source-map/-/source-map-0.7.6.tgz (GET)
#16 24.59 [WARN] Tarball download average speed 19 KiB/s (size 64 KiB) is below 50 KiB/s: https://registry.npmjs.org/yargs/-/yargs-17.7.2.tgz (GET)
#16 24.89 [WARN] Tarball download average speed 32 KiB/s (size 119 KiB) is below 50 KiB/s: https://registry.npmjs.org/type-fest/-/type-fest-4.41.0.tgz (GET)
#16 25.11 Progress: resolved 938, reused 0, downloaded 922, added 924
#16 25.35 [WARN] Tarball download average speed 21 KiB/s (size 71 KiB) is below 50 KiB/s: https://registry.npmjs.org/@typescript-eslint/typescript-estree/-/typescript-estree-8.59.4.tgz (GET)
#16 25.35 [WARN] Tarball download average speed 21 KiB/s (size 64 KiB) is below 50 KiB/s: https://registry.npmjs.org/ts-loader/-/ts-loader-9.5.7.tgz (GET)
#16 25.38 [WARN] Tarball download average speed 46 KiB/s (size 86 KiB) is below 50 KiB/s: https://registry.npmjs.org/@nestjs/microservices/-/microservices-10.4.22.tgz (GET)
#16 25.42 [WARN] Tarball download average speed 29 KiB/s (size 192 KiB) is below 50 KiB/s: https://registry.npmjs.org/ts-node/-/ts-node-10.9.2.tgz (GET)
#16 26.11 Progress: resolved 938, reused 0, downloaded 926, added 928
#16 26.34 [WARN] Tarball download average speed 44 KiB/s (size 232 KiB) is below 50 KiB/s: https://registry.npmjs.org/uglify-js/-/uglify-js-3.19.3.tgz (GET)
#16 27.11 Progress: resolved 938, reused 0, downloaded 929, added 931
#16 28.11 Progress: resolved 938, reused 0, downloaded 931, added 933
#16 29.11 Progress: resolved 938, reused 0, downloaded 932, added 934
#16 ...

#17 [schedule-service deps 4/4] RUN pnpm install --frozen-lockfile --registry=https://registry.npmjs.org/
#17 21.16 Progress: resolved 945, reused 0, downloaded 909, added 911
#17 21.19 [WARN] Tarball download average speed 39 KiB/s (size 42 KiB) is below 50 KiB/s: https://registry.npmjs.org/@typescript-eslint/utils/-/utils-8.59.4.tgz (GET)
#17 21.24 [WARN] Tarball download average speed 25 KiB/s (size 31 KiB) is below 50 KiB/s: https://registry.npmjs.org/hookified/-/hookified-1.15.1.tgz (GET)
#17 21.78 [WARN] Tarball download average speed 5 KiB/s (size 9 KiB) is below 50 KiB/s: https://registry.npmjs.org/redis/-/redis-4.7.0.tgz (GET)
#17 21.99 [WARN] Tarball download average speed 9 KiB/s (size 16 KiB) is below 50 KiB/s: https://registry.npmjs.org/@typescript-eslint/type-utils/-/type-utils-8.59.4.tgz (GET)
#17 22.16 Progress: resolved 945, reused 0, downloaded 915, added 917
#17 22.96 [WARN] Tarball download average speed 18 KiB/s (size 71 KiB) is below 50 KiB/s: https://registry.npmjs.org/@typescript-eslint/typescript-estree/-/typescript-estree-8.59.4.tgz (GET)
#17 23.16 Progress: resolved 945, reused 0, downloaded 919, added 921
#17 23.48 [WARN] Tarball download average speed 27 KiB/s (size 323 KiB) is below 50 KiB/s: https://registry.npmjs.org/caniuse-lite/-/caniuse-lite-1.0.30001793.tgz (GET)
#17 23.53 [WARN] Tarball download average speed 24 KiB/s (size 86 KiB) is below 50 KiB/s: https://registry.npmjs.org/@nestjs/microservices/-/microservices-10.4.22.tgz (GET)
#17 23.69 [WARN] Tarball download average speed 19 KiB/s (size 49 KiB) is below 50 KiB/s: https://registry.npmjs.org/ts-api-utils/-/ts-api-utils-2.5.0.tgz (GET)
#17 23.73 [WARN] Tarball download average speed 47 KiB/s (size 128 KiB) is below 50 KiB/s: https://registry.npmjs.org/acorn/-/acorn-8.16.0.tgz (GET)
#17 23.79 [WARN] Tarball download average speed 21 KiB/s (size 119 KiB) is below 50 KiB/s: https://registry.npmjs.org/type-fest/-/type-fest-4.41.0.tgz (GET)
#17 24.16 Progress: resolved 945, reused 0, downloaded 931, added 933
#17 24.20 [WARN] Tarball download average speed 29 KiB/s (size 192 KiB) is below 50 KiB/s: https://registry.npmjs.org/ts-node/-/ts-node-10.9.2.tgz (GET)
#17 25.16 Progress: resolved 945, reused 0, downloaded 932, added 934
#17 26.16 Progress: resolved 945, reused 0, downloaded 935, added 937
#17 27.06 [WARN] Tarball download average speed 42 KiB/s (size 335 KiB) is below 50 KiB/s: https://registry.npmjs.org/@typescript-eslint/eslint-plugin/-/eslint-plugin-8.59.4.tgz (GET)
#17 27.16 Progress: resolved 945, reused 0, downloaded 936, added 938
#17 27.36 [WARN] Tarball download average speed 32 KiB/s (size 232 KiB) is below 50 KiB/s: https://registry.npmjs.org/uglify-js/-/uglify-js-3.19.3.tgz (GET)
#17 28.16 Progress: resolved 945, reused 0, downloaded 937, added 939
#17 29.17 Progress: resolved 945, reused 0, downloaded 939, added 941
#17 34.57 Progress: resolved 945, reused 0, downloaded 940, added 941
#17 35.57 Progress: resolved 945, reused 0, downloaded 940, added 942
#17 ...

#16 [auth-service deps 4/4] RUN pnpm install --frozen-lockfile --registry=https://registry.npmjs.org/
#16 36.65 Progress: resolved 938, reused 0, downloaded 933, added 934
#16 37.54 [WARN] Tarball download average speed 43 KiB/s (size 647 KiB) is below 50 KiB/s: https://registry.npmjs.org/handlebars/-/handlebars-4.7.9.tgz (GET)
#16 37.65 Progress: resolved 938, reused 0, downloaded 934, added 936
#16 38.65 Progress: resolved 938, reused 0, downloaded 935, added 937
#16 ...

#17 [schedule-service deps 4/4] RUN pnpm install --frozen-lockfile --registry=https://registry.npmjs.org/
#17 37.90 Progress: resolved 945, reused 0, downloaded 941, added 942
#17 38.90 Progress: resolved 945, reused 0, downloaded 942, added 944
#17 ...

#16 [auth-service deps 4/4] RUN pnpm install --frozen-lockfile --registry=https://registry.npmjs.org/
#16 48.28 Progress: resolved 938, reused 0, downloaded 936, added 937
#16 48.28 Progress: resolved 938, reused 0, downloaded 936, added 938, done
#16 48.62 .../node_modules/@prisma/engines postinstall$ node scripts/postinstall.js
#16 48.67 .../node_modules/unrs-resolver postinstall$ node postinstall.js
#16 48.69 .../node_modules/@nestjs/core postinstall$ opencollective || exit 0
#16 48.72 .../node_modules/@apollo/protobufjs postinstall$ node scripts/postinstall
#16 48.84 .../node_modules/@apollo/protobufjs postinstall: Done
#16 48.86 .../node_modules/unrs-resolver postinstall: Done
#16 49.11 .../node_modules/@nestjs/core postinstall:                            Thanks for installing nest 
#16 49.12 .../node_modules/@nestjs/core postinstall:                  Please consider donating to our open collective
#16 49.12 .../node_modules/@nestjs/core postinstall:                         to help us maintain this package.
#16 49.12 .../node_modules/@nestjs/core postinstall:                                          
#16 49.12 .../node_modules/@nestjs/core postinstall:                             Number of contributors: 0
#16 49.12 .../node_modules/@nestjs/core postinstall:                              Number of backers: 1200
#16 49.13 .../node_modules/@nestjs/core postinstall:                              Annual budget: $136,510
#16 49.13 .../node_modules/@nestjs/core postinstall:                              Current balance: $3,539
#16 49.13 .../node_modules/@nestjs/core postinstall:                                          
#16 49.13 .../node_modules/@nestjs/core postinstall:              Become a partner: https://opencollective.com/nest/donate
#16 49.13 .../node_modules/@nestjs/core postinstall:                                          
#16 49.17 .../node_modules/@nestjs/core postinstall: Done
#16 50.85 .../node_modules/@prisma/engines postinstall: Done
#16 50.96 .../node_modules/prisma preinstall$ node scripts/preinstall-entry.js
#16 51.05 .../node_modules/prisma preinstall: Done
#16 51.40 
#16 51.49 Done in 51.2s using pnpm v11.4.0
#16 DONE 51.9s

#17 [schedule-service deps 4/4] RUN pnpm install --frozen-lockfile --registry=https://registry.npmjs.org/
#17 49.84 Progress: resolved 945, reused 0, downloaded 943, added 944
#17 49.85 Progress: resolved 945, reused 0, downloaded 943, added 945, done
#17 50.26 .../node_modules/@prisma/engines postinstall$ node scripts/postinstall.js
#17 50.28 .../node_modules/unrs-resolver postinstall$ node postinstall.js
#17 50.30 .../node_modules/@nestjs/core postinstall$ opencollective || exit 0
#17 50.33 .../node_modules/@apollo/protobufjs postinstall$ node scripts/postinstall
#17 50.38 .../node_modules/unrs-resolver postinstall: Done
#17 50.40 .../node_modules/@apollo/protobufjs postinstall: Done
#17 50.82 .../node_modules/@nestjs/core postinstall:                            Thanks for installing nest 
#17 50.82 .../node_modules/@nestjs/core postinstall:                  Please consider donating to our open collective
#17 50.82 .../node_modules/@nestjs/core postinstall:                         to help us maintain this package.
#17 50.82 .../node_modules/@nestjs/core postinstall:                                          
#17 50.82 .../node_modules/@nestjs/core postinstall:                             Number of contributors: 0
#17 50.82 .../node_modules/@nestjs/core postinstall:                              Number of backers: 1200
#17 50.83 .../node_modules/@nestjs/core postinstall:                              Annual budget: $136,510
#17 50.83 .../node_modules/@nestjs/core postinstall:                              Current balance: $3,539
#17 50.83 .../node_modules/@nestjs/core postinstall:                                          
#17 50.83 .../node_modules/@nestjs/core postinstall:              Become a partner: https://opencollective.com/nest/donate
#17 50.83 .../node_modules/@nestjs/core postinstall:                                          
#17 50.88 .../node_modules/@nestjs/core postinstall: Done
#17 52.31 .../node_modules/@prisma/engines postinstall: Done
#17 52.40 .../node_modules/prisma preinstall$ node scripts/preinstall-entry.js
#17 52.47 .../node_modules/prisma preinstall: Done
#17 52.78 
#17 52.90 Done in 52.6s using pnpm v11.4.0
#17 DONE 53.2s

#18 [auth-service builder  2/10] COPY --from=deps /app/node_modules ./node_modules
#18 DONE 6.2s

#19 [schedule-service builder  2/10] COPY --from=deps /app/node_modules ./node_modules
#19 ...

#20 [auth-service builder  3/10] COPY --from=deps /app/auth-service/node_modules ./auth-service/node_modules
#20 DONE 0.0s

#21 [auth-service builder  4/10] COPY auth-service/ ./auth-service/
#21 DONE 0.0s

#22 [auth-service builder  5/10] COPY package.json pnpm-workspace.yaml .npmrc ./
#22 DONE 0.0s

#23 [auth-service builder  6/10] WORKDIR /app/auth-service
#23 DONE 0.0s

#24 [auth-service builder  7/10] RUN npx prisma generate
#24 ...

#19 [schedule-service builder  2/10] COPY --from=deps /app/node_modules ./node_modules
#19 DONE 6.6s

#25 [schedule-service builder  3/10] COPY --from=deps /app/schedule-service/node_modules ./schedule-service/node_modules
#25 DONE 0.0s

#26 [schedule-service builder  4/10] COPY schedule-service/ ./schedule-service/
#26 DONE 0.0s

#27 [schedule-service builder  5/10] COPY package.json pnpm-workspace.yaml .npmrc ./
#27 DONE 0.0s

#28 [schedule-service builder  6/10] WORKDIR /app/schedule-service
#28 DONE 0.0s

#24 [auth-service builder  7/10] RUN npx prisma generate
#24 1.923 Loaded Prisma config from prisma.config.ts.
#24 1.923 
#24 1.984 Prisma schema loaded from src/common/thirdparties/prisma/schema.prisma.
#24 2.161 
#24 2.161 ✔ Generated Prisma Client (v7.8.0) to ./../node_modules/.pnpm/@prisma+client@7.8.0_prisma@7.8.0_@types+react@19.2.15_react-dom@19.2.6_react@19.2.6__r_780abe8b933f02f2b2a50679ac8a77a9/node_modules/@prisma/client in 128ms
#24 2.161 
#24 2.161 Start by importing your Prisma Client (See: https://pris.ly/d/importing-client)
#24 2.161 
#24 2.161 
#24 DONE 2.2s

#29 [auth-service builder  8/10] RUN ./node_modules/.bin/nest build
#29 ...

#30 [schedule-service builder  7/10] RUN npx prisma generate
#30 1.693 Loaded Prisma config from prisma.config.ts.
#30 1.693 
#30 1.737 Prisma schema loaded from src/common/thirdparties/prisma/schema.prisma.
#30 1.909 
#30 1.909 ✔ Generated Prisma Client (v7.8.0) to ./../node_modules/.pnpm/@prisma+client@7.8.0_prisma@7.8.0_@types+react@19.2.15_react-dom@19.2.6_react@19.2.6__r_780abe8b933f02f2b2a50679ac8a77a9/node_modules/@prisma/client in 115ms
#30 1.909 
#30 1.909 Start by importing your Prisma Client (See: https://pris.ly/d/importing-client)
#30 1.909 
#30 1.909 
#30 DONE 2.0s

#31 [schedule-service builder  8/10] RUN ./node_modules/.bin/nest build
#31 ...

#29 [auth-service builder  8/10] RUN ./node_modules/.bin/nest build
#29 DONE 5.9s

#32 [auth-service builder  9/10] RUN ls -la /app/auth-service/
#32 0.297 total 80
#32 0.297 drwxr-xr-x    1 root     root          4096 May 28 17:03 .
#32 0.297 drwxr-xr-x    1 root     root          4096 May 28 17:03 ..
#32 0.297 -rw-rw-r--    1 root     root           205 May 27 11:31 .env.example
#32 0.297 -rw-rw-r--    1 root     root           686 May 26 14:12 .gitignore
#32 0.297 -rw-rw-r--    1 root     root            52 May 26 14:11 .prettierrc
#32 0.297 -rw-rw-r--    1 root     root           987 May 28 16:58 Dockerfile
#32 0.297 drwxr-xr-x    3 root     root          4096 May 28 17:03 dist
#32 0.297 -rw-rw-r--    1 root     root           899 May 26 14:11 eslint.config.mjs
#32 0.297 -rw-rw-r--    1 root     root           171 May 26 14:11 nest-cli.json
#32 0.297 drwxrwxr-x    1 root     root          4096 May 28 08:53 node_modules
#32 0.297 -rw-rw-r--    1 root     root          2965 May 28 08:53 package.json
#32 0.297 -rw-rw-r--    1 root     root           332 May 27 11:30 prisma.config.ts
#32 0.297 drwxrwxr-x    5 root     root          4096 May 27 11:26 src
#32 0.297 drwxrwxr-x    2 root     root          4096 May 26 14:11 test
#32 0.297 -rw-rw-r--    1 root     root           285 May 26 18:42 test.js
#32 0.297 -rw-rw-r--    1 root     root           216 May 26 18:42 test.ts
#32 0.297 -rw-rw-r--    1 root     root            97 May 26 14:11 tsconfig.build.json
#32 0.297 -rw-rw-r--    1 root     root           677 May 26 14:11 tsconfig.json
#32 DONE 0.3s

#33 [auth-service builder 10/10] RUN ls -la /app/auth-service/dist/ 2>/dev/null || echo "NO DIST FOLDER"
#33 0.279 total 576
#33 0.279 drwxr-xr-x    3 root     root          4096 May 28 17:03 .
#33 0.279 drwxr-xr-x    1 root     root          4096 May 28 17:03 ..
#33 0.279 -rw-r--r--    1 root     root           119 May 28 17:03 prisma.config.d.ts
#33 0.279 -rw-r--r--    1 root     root           475 May 28 17:03 prisma.config.js
#33 0.279 -rw-r--r--    1 root     root           400 May 28 17:03 prisma.config.js.map
#33 0.279 drwxr-xr-x    5 root     root          4096 May 28 17:03 src
#33 0.279 -rw-r--r--    1 root     root            11 May 28 17:03 test.d.ts
#33 0.279 -rw-r--r--    1 root     root           321 May 28 17:03 test.js
#33 0.279 -rw-r--r--    1 root     root           236 May 28 17:03 test.js.map
#33 0.279 -rw-r--r--    1 root     root        550857 May 28 17:03 tsconfig.build.tsbuildinfo
#33 DONE 0.3s

#34 [auth-service runner 3/5] COPY --from=builder /app/auth-service/dist ./dist
#34 DONE 0.0s

#35 [auth-service runner 4/5] COPY --from=builder /app/auth-service/node_modules ./node_modules
#35 DONE 0.1s

#31 [schedule-service builder  8/10] RUN ./node_modules/.bin/nest build
#31 ...

#36 [auth-service runner 5/5] COPY --from=builder /app/auth-service/package.json ./package.json
#36 DONE 0.0s

#37 [auth-service] exporting to image
#37 exporting layers 0.0s done
#37 writing image sha256:ccb2a8f447815c738edb84f8ef1253712388cc7342bc944db35575db69e66f00 done
#37 naming to docker.io/library/rata-auth-service done
#37 DONE 0.0s

#38 [auth-service] resolving provenance for metadata file
#38 DONE 0.0s

#31 [schedule-service builder  8/10] RUN ./node_modules/.bin/nest build
#31 DONE 6.5s

#39 [schedule-service builder  9/10] RUN ls -la /app/schedule-service/
#39 0.186 total 68
#39 0.186 drwxr-xr-x    1 root     root          4096 May 28 17:03 .
#39 0.186 drwxr-xr-x    1 root     root          4096 May 28 17:03 ..
#39 0.186 -rw-rw-r--    1 root     root           242 May 28 13:22 .env.example
#39 0.186 -rw-rw-r--    1 root     root           686 May 26 14:22 .gitignore
#39 0.186 -rw-rw-r--    1 root     root            52 May 26 14:22 .prettierrc
#39 0.186 -rw-rw-r--    1 root     root          1035 May 28 16:56 Dockerfile
#39 0.186 drwxr-xr-x    3 root     root          4096 May 28 17:03 dist
#39 0.186 -rw-rw-r--    1 root     root           899 May 26 14:22 eslint.config.mjs
#39 0.186 -rw-rw-r--    1 root     root           171 May 26 14:22 nest-cli.json
#39 0.186 drwxrwxr-x    1 root     root          4096 May 28 17:03 node_modules
#39 0.186 -rw-rw-r--    1 root     root          3056 May 28 13:17 package.json
#39 0.186 -rw-rw-r--    1 root     root           332 May 27 11:54 prisma.config.ts
#39 0.186 drwxrwxr-x    5 root     root          4096 May 28 03:16 src
#39 0.186 drwxrwxr-x    2 root     root          4096 May 26 14:22 test
#39 0.186 -rw-rw-r--    1 root     root            97 May 26 14:22 tsconfig.build.json
#39 0.186 -rw-rw-r--    1 root     root           677 May 26 14:22 tsconfig.json
#39 DONE 0.2s

#40 [schedule-service builder 10/10] RUN ls -la /app/schedule-service/dist/ 2>/dev/null || echo "NO DIST FOLDER"
#40 0.188 total 572
#40 0.188 drwxr-xr-x    3 root     root          4096 May 28 17:03 .
#40 0.188 drwxr-xr-x    1 root     root          4096 May 28 17:03 ..
#40 0.188 -rw-r--r--    1 root     root           119 May 28 17:03 prisma.config.d.ts
#40 0.188 -rw-r--r--    1 root     root           475 May 28 17:03 prisma.config.js
#40 0.188 -rw-r--r--    1 root     root           400 May 28 17:03 prisma.config.js.map
#40 0.188 drwxr-xr-x    5 root     root          4096 May 28 17:03 src
#40 0.188 -rw-r--r--    1 root     root        558945 May 28 17:03 tsconfig.build.tsbuildinfo
#40 DONE 0.2s

#41 [schedule-service runner 3/5] COPY --from=builder /app/schedule-service/dist ./dist
#41 DONE 0.0s

#42 [schedule-service runner 4/5] COPY --from=builder /app/schedule-service/node_modules ./node_modules
#42 DONE 0.0s

#43 [schedule-service runner 5/5] COPY --from=builder /app/schedule-service/package.json ./package.json
#43 DONE 0.0s

#44 [schedule-service] exporting to image
#44 exporting layers 0.0s done
#44 writing image sha256:b4ec146b426bcec757ef9fe8af709b05a3a12adcad235f7069cad902e2c1f5f3 done
#44 naming to docker.io/library/rata-schedule-service done
#44 DONE 0.0s

#45 [schedule-service] resolving provenance for metadata file
#45 DONE 0.0s
 auth-service  Built
 schedule-service  Built
